<?xml version="1.0" encoding="UTF-8"?>
<testsuite xmlns:xsi="http://www.w3.org/2001/XMLSchema-instance" xsi:noNamespaceSchemaLocation="https://maven.apache.org/surefire/maven-surefire-plugin/xsd/surefire-test-report-3.0.xsd" version="3.0" name="TestSuite" time="67.701" tests="16" errors="0" skipped="0" failures="0">
  <properties>
[...]
</properties>
  <testcase name="registerAccountWithAllMandatoryFieldsValidCredentials" classname="com.testcases.RegisterTest" time="1.435">
    <system-err><![CDATA[SLF4J(W): No SLF4J providers were found.
SLF4J(W): Defaulting to no-operation (NOP) logger implementation
SLF4J(W): See https://www.slf4j.org/codes.html#noProviders for further details.
]]></system-err>
  </testcase>
  <testcase name="registerAccountWithAllFieldsValidCredentials" classname="com.testcases.RegisterTest" time="1.419"/>
  <testcase name="registerAccountWithExistingValidCredentials" classname="com.testcases.RegisterTest" time="1.067"/>
  <testcase name="registerAccountWithOutProvideAnyDetails" classname="com.testcases.RegisterTest" time="0.591"/>
  <testcase name="verifyLoginWithValidCredentials[amotooricap@gmail.com, 12345](1)" classname="com.testcases.LoginTest" time="0.947"/>
  <testcase name="verifyLoginWithValidCredentials[amotooricap1@gmail.com, 12345](2)" classname="com.testcases.LoginTest" time="0.862"/>
  <testcase name="verifyLoginWithValidCredentials[amotooricap2@gmail.com, 12345](3)" classname="com.testcases.LoginTest" time="1.028"/>
  <testcase name="verifyLoginWithValidCredentials[amotooricap3@gmail.com, 12345](4)" classname="com.testcases.LoginTest" time="0.886"/>
  <testcase name="verifyLoginWithValidCredentials[amotooricap4@gmail.com, 12345](5)" classname="com.testcases.LoginTest" time="0.862"/>
  <testcase name="verifyloginWithInvalidCredentials" classname="com.testcases.LoginTest" time="0.816"/>
  <testcase name="verifyloginWithInvalidEmailAndValidPassword" classname="com.testcases.LoginTest" time="0.832"/>
  <testcase name="verifyloginWithValidEmailAndInValidPassword" classname="com.testcases.LoginTest" time="0.824"/>
  <testcase name="verifyloginWithoutProvidingCredencials" classname="com.testcases.LoginTest" time="0.677"/>
  <testcase name="verifySearchWithInvalidProduct" classname="com.testcases.SearchTest" time="0.573"/>
  <testcase name="verifySearchWithOutAnyProduct" classname="com.testcases.SearchTest" time="0.465"/>
  <testcase name="verifySearchWithValidProduct" classname="com.testcases.SearchTest" time="0.536"/>
</testsuite>