<?xml version="1.0" encoding="UTF-8"?>
<!-- Generated by org.testng.reporters.JUnitXMLReporter -->
<testsuite ignored="0" hostname="Thirosh" failures="0" tests="16" name="Automation Test Cases" time="66.041" errors="0" timestamp="2024-03-13T23:02:54 IST">
  <testcase classname="com.testcases.RegisterTest" name="registerAccountWithAllMandatoryFieldsValidCredentials" time="1.436"/>
  <testcase classname="com.testcases.RegisterTest" name="registerAccountWithAllFieldsValidCredentials" time="1.419"/>
  <testcase classname="com.testcases.RegisterTest" name="registerAccountWithExistingValidCredentials" time="1.068"/>
  <testcase classname="com.testcases.RegisterTest" name="registerAccountWithOutProvideAnyDetails" time="0.591"/>
  <testcase classname="com.testcases.LoginTest" name="verifyLoginWithValidCredentials" time="0.947"/>
  <testcase classname="com.testcases.LoginTest" name="verifyLoginWithValidCredentials" time="0.861"/>
  <testcase classname="com.testcases.LoginTest" name="verifyLoginWithValidCredentials" time="1.029"/>
  <testcase classname="com.testcases.LoginTest" name="verifyLoginWithValidCredentials" time="0.886"/>
  <testcase classname="com.testcases.LoginTest" name="verifyLoginWithValidCredentials" time="0.863"/>
  <testcase classname="com.testcases.LoginTest" name="verifyloginWithInvalidCredentials" time="0.816"/>
  <testcase classname="com.testcases.LoginTest" name="verifyloginWithInvalidEmailAndValidPassword" time="0.832"/>
  <testcase classname="com.testcases.LoginTest" name="verifyloginWithValidEmailAndInValidPassword" time="0.825"/>
  <testcase classname="com.testcases.LoginTest" name="verifyloginWithoutProvidingCredencials" time="0.677"/>
  <testcase classname="com.testcases.SearchTest" name="verifySearchWithInvalidProduct" time="0.574"/>
  <testcase classname="com.testcases.SearchTest" name="verifySearchWithOutAnyProduct" time="0.464"/>
  <testcase classname="com.testcases.SearchTest" name="verifySearchWithValidProduct" time="0.535"/>
</testsuite> <!-- Automation Test Cases -->
